<?xml version="1.0" encoding="UTF-8"?>
<!-- Generated by org.testng.reporters.JUnitReportReporter -->
<testsuite hostname="DESKTOP-9DCGG30" failures="0" tests="1" name="com.govtech.assignment.NewTest" time="3.107" errors="0" timestamp="2023-08-25T01:17:40 IST" skipped="0">
  <testcase classname="com.govtech.assignment.NewTest" name="f" time="3.107"/>
  <system-out/>
</testsuite> <!-- com.govtech.assignment.NewTest -->
